<?xml version="1.0" encoding="utf-8"?><testsuites><testsuite name="pytest" errors="0" failures="0" skipped="0" tests="33" time="60.799" timestamp="2024-05-14T22:31:57.416518" hostname="DESKTOP-HDCEOER"><testcase classname="tests.test_integration.PlanAPITests" name="test_create" time="49.996" /><testcase classname="tests.test_integration.PlanAPITests" name="test_destroy" time="0.037" /><testcase classname="tests.test_integration.PlanAPITests" name="test_exercise_retrieve" time="0.024" /><testcase classname="tests.test_integration.PlanAPITests" name="test_fill" time="1.265" /><testcase classname="tests.test_integration.PlanAPITests" name="test_list" time="0.031" /><testcase classname="tests.test_integration.PlanAPITests" name="test_partial_update" time="0.025" /><testcase classname="tests.test_integration.PlanAPITests" name="test_retrieve" time="0.021" /><testcase classname="tests.test_integration.PlanAPITests" name="test_training_retrieve" time="0.158" /><testcase classname="tests.test_integration.PlanAPITests" name="test_update" time="0.026" /><testcase classname="tests.test_integration.ExerciseAPITests" name="test_create" time="0.066" /><testcase classname="tests.test_integration.ExerciseAPITests" name="test_destroy" time="0.033" /><testcase classname="tests.test_integration.ExerciseAPITests" name="test_list" time="0.021" /><testcase classname="tests.test_integration.ExerciseAPITests" name="test_partial_update" time="0.034" /><testcase classname="tests.test_integration.ExerciseAPITests" name="test_retrieve" time="0.017" /><testcase classname="tests.test_integration.ExerciseAPITests" name="test_update" time="0.040" /><testcase classname="tests.test_integration.ArticleAPITests" name="test_create" time="0.086" /><testcase classname="tests.test_integration.ArticleAPITests" name="test_destroy" time="0.031" /><testcase classname="tests.test_integration.ArticleAPITests" name="test_list" time="0.034" /><testcase classname="tests.test_integration.ArticleAPITests" name="test_partial_update" time="0.034" /><testcase classname="tests.test_integration.ArticleAPITests" name="test_retrieve" time="0.022" /><testcase classname="tests.test_integration.ArticleAPITests" name="test_update" time="0.042" /><testcase classname="tests.test_integration.HealthAPITests" name="test_create_dynamic" time="0.495" /><testcase classname="tests.test_integration.HealthAPITests" name="test_create_static" time="0.023" /><testcase classname="tests.test_integration.HealthAPITests" name="test_destroy_dynamic" time="0.022" /><testcase classname="tests.test_integration.HealthAPITests" name="test_destroy_static" time="0.024" /><testcase classname="tests.test_integration.HealthAPITests" name="test_list_dynamic" time="0.028" /><testcase classname="tests.test_integration.HealthAPITests" name="test_retrieve_dynamic_latest" time="0.030" /><testcase classname="tests.test_integration.HealthAPITests" name="test_retrieve_static" time="0.030" /><testcase classname="tests.test_integration.HealthAPITests" name="test_update_dynamic" time="0.022" /><testcase classname="tests.test_integration.HealthAPITests" name="test_update_static" time="0.063" /><testcase classname="tests.test_module.SurveyTestCase" name="test_survey_accuracy" time="4.984" /><testcase classname="tests.test_permission.PermissionsTests" name="test_admin_role_requirements" time="0.079" /><testcase classname="tests.test_permission.PermissionsTests" name="test_authorisation_requirements" time="0.394" /></testsuite></testsuites>